  data_structures.cpp
C:\Users\devc\Desktop\cpp\data_structures\data_structures\trees\binary_heap.hpp(187,46): warning C4018: '<': signed/unsigned mismatch
C:\Users\devc\Desktop\cpp\data_structures\data_structures\trees\binary_heap.hpp(171): message : while compiling class template member function 'bool trees::binary_heap<int>::insert(const T &)'
          with
          [
              T=int
          ]
C:\Users\devc\Desktop\cpp\data_structures\data_structures\data_structures.cpp(30): message : see reference to function template instantiation 'bool trees::binary_heap<int>::insert(const T &)' being compiled
          with
          [
              T=int
          ]
C:\Users\devc\Desktop\cpp\data_structures\data_structures\data_structures.cpp(28): message : see reference to class template instantiation 'trees::binary_heap<int>' being compiled
C:\Users\devc\Desktop\cpp\data_structures\data_structures\trees\binary_heap.hpp(64,14): warning C4018: '<=': signed/unsigned mismatch
C:\Users\devc\Desktop\cpp\data_structures\data_structures\trees\binary_heap.hpp(57): message : while compiling class template member function 'void trees::binary_heap<int>::PRINT(const unsigned int &,int,int,T *)'
          with
          [
              T=int
          ]
C:\Users\devc\Desktop\cpp\data_structures\data_structures\trees\binary_heap.hpp(391): message : see reference to function template instantiation 'void trees::binary_heap<int>::PRINT(const unsigned int &,int,int,T *)' being compiled
          with
          [
              T=int
          ]
C:\Users\devc\Desktop\cpp\data_structures\data_structures\trees\binary_heap.hpp(66,31): warning C4018: '<': signed/unsigned mismatch
C:\Users\devc\Desktop\cpp\data_structures\data_structures\trees\binary_heap.hpp(72,14): warning C4018: '<=': signed/unsigned mismatch
  data_structures.vcxproj -> C:\Users\devc\Desktop\cpp\data_structures\Debug\data_structures.exe
