  data_structures.cpp
C:\Users\dev\Desktop\DSA\data_structures\data_structures\data_structures\hash tables\hash_table_openAddressing.hpp(517,21): warning C4018: '<': signed/unsigned mismatch
C:\Users\dev\Desktop\DSA\data_structures\data_structures\data_structures\hash tables\hash_table_openAddressing.hpp(511): message : while compiling class template member function 'void hash_tables::QP_hash_table<int>::print(void)'
C:\Users\dev\Desktop\DSA\data_structures\data_structures\data_structures\data_structures.cpp(46): message : see reference to function template instantiation 'void hash_tables::QP_hash_table<int>::print(void)' being compiled
C:\Users\dev\Desktop\DSA\data_structures\data_structures\data_structures\data_structures.cpp(31): message : see reference to class template instantiation 'hash_tables::QP_hash_table<int>' being compiled
C:\Users\dev\Desktop\DSA\data_structures\data_structures\data_structures\hash tables\hash_table_openAddressing.hpp(489,30): warning C4018: '<': signed/unsigned mismatch
C:\Users\dev\Desktop\DSA\data_structures\data_structures\data_structures\hash tables\hash_table_openAddressing.hpp(468): message : while compiling class template member function 'bool hash_tables::QP_hash_table<int>::replace(std::string,v)'
          with
          [
              v=int
          ]
C:\Users\dev\Desktop\DSA\data_structures\data_structures\data_structures\data_structures.cpp(48): message : see reference to function template instantiation 'bool hash_tables::QP_hash_table<int>::replace(std::string,v)' being compiled
          with
          [
              v=int
          ]
C:\Users\dev\Desktop\DSA\data_structures\data_structures\data_structures\hash tables\hash_table_openAddressing.hpp(329,28): warning C4018: '<': signed/unsigned mismatch
C:\Users\dev\Desktop\DSA\data_structures\data_structures\data_structures\hash tables\hash_table_openAddressing.hpp(305): message : while compiling class template member function 'bool hash_tables::QP_hash_table<int>::set(std::string,v)'
          with
          [
              v=int
          ]
C:\Users\dev\Desktop\DSA\data_structures\data_structures\data_structures\data_structures.cpp(33): message : see reference to function template instantiation 'bool hash_tables::QP_hash_table<int>::set(std::string,v)' being compiled
          with
          [
              v=int
          ]
C:\Users\dev\Desktop\DSA\data_structures\data_structures\data_structures\hash tables\hash_table_openAddressing.hpp(332,11): warning C4018: '>': signed/unsigned mismatch
C:\Users\dev\Desktop\DSA\data_structures\data_structures\data_structures\hash tables\hash_table.hpp(63,22): warning C4018: '<': signed/unsigned mismatch
C:\Users\dev\Desktop\DSA\data_structures\data_structures\data_structures\hash tables\hash_table.hpp(59): message : while compiling class template member function 'int hash_tables::hash_table<v>::hash(std::string)'
          with
          [
              v=int
          ]
C:\Users\dev\Desktop\DSA\data_structures\data_structures\data_structures\hash tables\hash_table_openAddressing.hpp(474): message : see reference to function template instantiation 'int hash_tables::hash_table<v>::hash(std::string)' being compiled
          with
          [
              v=int
          ]
C:\Users\dev\Desktop\DSA\data_structures\data_structures\data_structures\hash tables\hash_table_openAddressing.hpp(46): message : see reference to class template instantiation 'hash_tables::hash_table<v>' being compiled
          with
          [
              v=int
          ]
C:\Users\dev\Desktop\DSA\data_structures\data_structures\data_structures\hash tables\hash_table_openAddressing.hpp(291): message : see reference to class template instantiation 'hash_tables::LP_hash_table<v>' being compiled
          with
          [
              v=int
          ]
  data_structures.vcxproj -> C:\Users\dev\Desktop\DSA\data_structures\data_structures\Debug\data_structures.exe
